The user federicojasson has been signed in.
exception 'ErrorException' with message 'bin2hex() expects exactly 1 parameter, 2 given' in C:\xampp\htdocs\etrs\server\private\scripts\Auxiliar\EntityModel\BackgroundModel.php:108
Stack trace:
#0 [internal function]: Slim\Slim::handleErrors(2, 'bin2hex() expec...', 'C:\\xampp\\htdocs...', 108, Array)
#1 [internal function]: bin2hex('}\x8AG?\x069\xAE\xF1\xA2!\xA7g\xCD\x9A\x94...', 0)
#2 C:\xampp\htdocs\etrs\server\private\scripts\Auxiliar\EntityModel\BackgroundModel.php(108): array_walk_recursive(Array, 'bin2hex')
#3 C:\xampp\htdocs\etrs\server\private\scripts\Controller\Background\Search.php(25): App\Auxiliar\EntityModel\BackgroundModel->search('Prueba', 1, Array)
#4 C:\xampp\htdocs\etrs\server\private\scripts\Controller\SecureController.php(41): App\Controller\Background\Search->call()
#5 C:\xampp\htdocs\etrs\server\private\scripts\Controller\SpecializedSecureController.php(29): App\Controller\SecureController->serveRequest()
#6 C:\xampp\htdocs\etrs\server\private\scripts\Helper\Services.php(25): App\Controller\SpecializedSecureController->serveRequest()
#7 [internal function]: App\Helper\Services->App\Helper\{closure}()
#8 C:\xampp\htdocs\etrs\server\private\vendors\Slim\Route.php(468): call_user_func_array(Object(Closure), Array)
#9 C:\xampp\htdocs\etrs\server\private\vendors\Slim\Slim.php(1338): Slim\Route->dispatch()
#10 C:\xampp\htdocs\etrs\server\private\scripts\Middleware\Session.php(18): Slim\Slim->call()
#11 C:\xampp\htdocs\etrs\server\private\scripts\Middleware\Services.php(18): App\Middleware\Session->call()
#12 C:\xampp\htdocs\etrs\server\private\scripts\Middleware\Configurations.php(100): App\Middleware\Services->call()
#13 C:\xampp\htdocs\etrs\server\private\scripts\Middleware\Helpers.php(18): App\Middleware\Configurations->call()
#14 C:\xampp\htdocs\etrs\server\private\scripts\Middleware\ErrorHandlers.php(18): App\Middleware\Helpers->call()
#15 C:\xampp\htdocs\etrs\server\private\scripts\Middleware\Extensions.php(18): App\Middleware\ErrorHandlers->call()
#16 C:\xampp\htdocs\etrs\server\private\vendors\Slim\Middleware\PrettyExceptions.php(67): App\Middleware\Extensions->call()
#17 C:\xampp\htdocs\etrs\server\private\vendors\Slim\Slim.php(1283): Slim\Middleware\PrettyExceptions->call()
#18 C:\xampp\htdocs\etrs\server\index.php(29): Slim\Slim->run()
#19 {main}
exception 'ErrorException' with message 'bin2hex() expects exactly 1 parameter, 2 given' in C:\xampp\htdocs\etrs\server\private\scripts\Auxiliar\EntityModel\BackgroundModel.php:110
Stack trace:
#0 [internal function]: Slim\Slim::handleErrors(2, 'bin2hex() expec...', 'C:\\xampp\\htdocs...', 110, Array)
#1 [internal function]: bin2hex('}\x8AG?\x069\xAE\xF1\xA2!\xA7g\xCD\x9A\x94...', 0)
#2 C:\xampp\htdocs\etrs\server\private\scripts\Auxiliar\EntityModel\BackgroundModel.php(110): array_walk_recursive(Array, 'bin2hex')
#3 C:\xampp\htdocs\etrs\server\private\scripts\Controller\Background\Search.php(25): App\Auxiliar\EntityModel\BackgroundModel->search('Prueba', 1, Array)
#4 C:\xampp\htdocs\etrs\server\private\scripts\Controller\SecureController.php(41): App\Controller\Background\Search->call()
#5 C:\xampp\htdocs\etrs\server\private\scripts\Controller\SpecializedSecureController.php(29): App\Controller\SecureController->serveRequest()
#6 C:\xampp\htdocs\etrs\server\private\scripts\Helper\Services.php(25): App\Controller\SpecializedSecureController->serveRequest()
#7 [internal function]: App\Helper\Services->App\Helper\{closure}()
#8 C:\xampp\htdocs\etrs\server\private\vendors\Slim\Route.php(468): call_user_func_array(Object(Closure), Array)
#9 C:\xampp\htdocs\etrs\server\private\vendors\Slim\Slim.php(1338): Slim\Route->dispatch()
#10 C:\xampp\htdocs\etrs\server\private\scripts\Middleware\Session.php(18): Slim\Slim->call()
#11 C:\xampp\htdocs\etrs\server\private\scripts\Middleware\Services.php(18): App\Middleware\Session->call()
#12 C:\xampp\htdocs\etrs\server\private\scripts\Middleware\Configurations.php(100): App\Middleware\Services->call()
#13 C:\xampp\htdocs\etrs\server\private\scripts\Middleware\Helpers.php(18): App\Middleware\Configurations->call()
#14 C:\xampp\htdocs\etrs\server\private\scripts\Middleware\ErrorHandlers.php(18): App\Middleware\Helpers->call()
#15 C:\xampp\htdocs\etrs\server\private\scripts\Middleware\Extensions.php(18): App\Middleware\ErrorHandlers->call()
#16 C:\xampp\htdocs\etrs\server\private\vendors\Slim\Middleware\PrettyExceptions.php(67): App\Middleware\Extensions->call()
#17 C:\xampp\htdocs\etrs\server\private\vendors\Slim\Slim.php(1283): Slim\Middleware\PrettyExceptions->call()
#18 C:\xampp\htdocs\etrs\server\index.php(29): Slim\Slim->run()
#19 {main}
exception 'ErrorException' with message 'Undefined variable: ids' in C:\xampp\htdocs\etrs\server\private\scripts\Auxiliar\EntityModel\BackgroundModel.php:104
Stack trace:
#0 C:\xampp\htdocs\etrs\server\private\scripts\Auxiliar\EntityModel\BackgroundModel.php(104): Slim\Slim::handleErrors(8, 'Undefined varia...', 'C:\\xampp\\htdocs...', 104, Array)
#1 C:\xampp\htdocs\etrs\server\private\scripts\Controller\Background\Search.php(25): App\Auxiliar\EntityModel\BackgroundModel->search('Prueba', 1, Array)
#2 C:\xampp\htdocs\etrs\server\private\scripts\Controller\SecureController.php(41): App\Controller\Background\Search->call()
#3 C:\xampp\htdocs\etrs\server\private\scripts\Controller\SpecializedSecureController.php(29): App\Controller\SecureController->serveRequest()
#4 C:\xampp\htdocs\etrs\server\private\scripts\Helper\Services.php(25): App\Controller\SpecializedSecureController->serveRequest()
#5 [internal function]: App\Helper\Services->App\Helper\{closure}()
#6 C:\xampp\htdocs\etrs\server\private\vendors\Slim\Route.php(468): call_user_func_array(Object(Closure), Array)
#7 C:\xampp\htdocs\etrs\server\private\vendors\Slim\Slim.php(1338): Slim\Route->dispatch()
#8 C:\xampp\htdocs\etrs\server\private\scripts\Middleware\Session.php(18): Slim\Slim->call()
#9 C:\xampp\htdocs\etrs\server\private\scripts\Middleware\Services.php(18): App\Middleware\Session->call()
#10 C:\xampp\htdocs\etrs\server\private\scripts\Middleware\Configurations.php(100): App\Middleware\Services->call()
#11 C:\xampp\htdocs\etrs\server\private\scripts\Middleware\Helpers.php(18): App\Middleware\Configurations->call()
#12 C:\xampp\htdocs\etrs\server\private\scripts\Middleware\ErrorHandlers.php(18): App\Middleware\Helpers->call()
#13 C:\xampp\htdocs\etrs\server\private\scripts\Middleware\Extensions.php(18): App\Middleware\ErrorHandlers->call()
#14 C:\xampp\htdocs\etrs\server\private\vendors\Slim\Middleware\PrettyExceptions.php(67): App\Middleware\Extensions->call()
#15 C:\xampp\htdocs\etrs\server\private\vendors\Slim\Slim.php(1283): Slim\Middleware\PrettyExceptions->call()
#16 C:\xampp\htdocs\etrs\server\index.php(29): Slim\Slim->run()
#17 {main}
exception 'ErrorException' with message 'bin2hex() expects exactly 1 parameter, 2 given' in C:\xampp\htdocs\etrs\server\private\scripts\Auxiliar\EntityModel\BackgroundModel.php:112
Stack trace:
#0 [internal function]: Slim\Slim::handleErrors(2, 'bin2hex() expec...', 'C:\\xampp\\htdocs...', 112, Array)
#1 [internal function]: bin2hex('}\x8AG?\x069\xAE\xF1\xA2!\xA7g\xCD\x9A\x94...', 0)
#2 C:\xampp\htdocs\etrs\server\private\scripts\Auxiliar\EntityModel\BackgroundModel.php(112): array_walk_recursive(Array, 'bin2hex')
#3 C:\xampp\htdocs\etrs\server\private\scripts\Controller\Background\Search.php(25): App\Auxiliar\EntityModel\BackgroundModel->search('Prueba', 1, Array)
#4 C:\xampp\htdocs\etrs\server\private\scripts\Controller\SecureController.php(41): App\Controller\Background\Search->call()
#5 C:\xampp\htdocs\etrs\server\private\scripts\Controller\SpecializedSecureController.php(29): App\Controller\SecureController->serveRequest()
#6 C:\xampp\htdocs\etrs\server\private\scripts\Helper\Services.php(25): App\Controller\SpecializedSecureController->serveRequest()
#7 [internal function]: App\Helper\Services->App\Helper\{closure}()
#8 C:\xampp\htdocs\etrs\server\private\vendors\Slim\Route.php(468): call_user_func_array(Object(Closure), Array)
#9 C:\xampp\htdocs\etrs\server\private\vendors\Slim\Slim.php(1338): Slim\Route->dispatch()
#10 C:\xampp\htdocs\etrs\server\private\scripts\Middleware\Session.php(18): Slim\Slim->call()
#11 C:\xampp\htdocs\etrs\server\private\scripts\Middleware\Services.php(18): App\Middleware\Session->call()
#12 C:\xampp\htdocs\etrs\server\private\scripts\Middleware\Configurations.php(100): App\Middleware\Services->call()
#13 C:\xampp\htdocs\etrs\server\private\scripts\Middleware\Helpers.php(18): App\Middleware\Configurations->call()
#14 C:\xampp\htdocs\etrs\server\private\scripts\Middleware\ErrorHandlers.php(18): App\Middleware\Helpers->call()
#15 C:\xampp\htdocs\etrs\server\private\scripts\Middleware\Extensions.php(18): App\Middleware\ErrorHandlers->call()
#16 C:\xampp\htdocs\etrs\server\private\vendors\Slim\Middleware\PrettyExceptions.php(67): App\Middleware\Extensions->call()
#17 C:\xampp\htdocs\etrs\server\private\vendors\Slim\Slim.php(1283): Slim\Middleware\PrettyExceptions->call()
#18 C:\xampp\htdocs\etrs\server\index.php(29): Slim\Slim->run()
#19 {main}
exception 'ErrorException' with message 'bin2hex() expects exactly 1 parameter, 2 given' in C:\xampp\htdocs\etrs\server\private\scripts\Auxiliar\EntityModel\BackgroundModel.php:108
Stack trace:
#0 [internal function]: Slim\Slim::handleErrors(2, 'bin2hex() expec...', 'C:\\xampp\\htdocs...', 108, Array)
#1 [internal function]: bin2hex('}\x8AG?\x069\xAE\xF1\xA2!\xA7g\xCD\x9A\x94...', 0)
#2 C:\xampp\htdocs\etrs\server\private\scripts\Auxiliar\EntityModel\BackgroundModel.php(108): array_walk_recursive(Array, 'bin2hex')
#3 C:\xampp\htdocs\etrs\server\private\scripts\Controller\Background\Search.php(25): App\Auxiliar\EntityModel\BackgroundModel->search('Prueba', 1, Array)
#4 C:\xampp\htdocs\etrs\server\private\scripts\Controller\SecureController.php(41): App\Controller\Background\Search->call()
#5 C:\xampp\htdocs\etrs\server\private\scripts\Controller\SpecializedSecureController.php(29): App\Controller\SecureController->serveRequest()
#6 C:\xampp\htdocs\etrs\server\private\scripts\Helper\Services.php(25): App\Controller\SpecializedSecureController->serveRequest()
#7 [internal function]: App\Helper\Services->App\Helper\{closure}()
#8 C:\xampp\htdocs\etrs\server\private\vendors\Slim\Route.php(468): call_user_func_array(Object(Closure), Array)
#9 C:\xampp\htdocs\etrs\server\private\vendors\Slim\Slim.php(1338): Slim\Route->dispatch()
#10 C:\xampp\htdocs\etrs\server\private\scripts\Middleware\Session.php(18): Slim\Slim->call()
#11 C:\xampp\htdocs\etrs\server\private\scripts\Middleware\Services.php(18): App\Middleware\Session->call()
#12 C:\xampp\htdocs\etrs\server\private\scripts\Middleware\Configurations.php(100): App\Middleware\Services->call()
#13 C:\xampp\htdocs\etrs\server\private\scripts\Middleware\Helpers.php(18): App\Middleware\Configurations->call()
#14 C:\xampp\htdocs\etrs\server\private\scripts\Middleware\ErrorHandlers.php(18): App\Middleware\Helpers->call()
#15 C:\xampp\htdocs\etrs\server\private\scripts\Middleware\Extensions.php(18): App\Middleware\ErrorHandlers->call()
#16 C:\xampp\htdocs\etrs\server\private\vendors\Slim\Middleware\PrettyExceptions.php(67): App\Middleware\Extensions->call()
#17 C:\xampp\htdocs\etrs\server\private\vendors\Slim\Slim.php(1283): Slim\Middleware\PrettyExceptions->call()
#18 C:\xampp\htdocs\etrs\server\index.php(29): Slim\Slim->run()
#19 {main}
exception 'ErrorException' with message 'bin2hex() expects exactly 1 parameter, 2 given' in C:\xampp\htdocs\etrs\server\private\scripts\Auxiliar\EntityModel\BackgroundModel.php:110
Stack trace:
#0 [internal function]: Slim\Slim::handleErrors(2, 'bin2hex() expec...', 'C:\\xampp\\htdocs...', 110, Array)
#1 [internal function]: bin2hex('}\x8AG?\x069\xAE\xF1\xA2!\xA7g\xCD\x9A\x94...', 0)
#2 C:\xampp\htdocs\etrs\server\private\scripts\Auxiliar\EntityModel\BackgroundModel.php(110): array_walk_recursive(Array, 'bin2hex')
#3 C:\xampp\htdocs\etrs\server\private\scripts\Controller\Background\Search.php(25): App\Auxiliar\EntityModel\BackgroundModel->search('Prueba', 1, Array)
#4 C:\xampp\htdocs\etrs\server\private\scripts\Controller\SecureController.php(41): App\Controller\Background\Search->call()
#5 C:\xampp\htdocs\etrs\server\private\scripts\Controller\SpecializedSecureController.php(29): App\Controller\SecureController->serveRequest()
#6 C:\xampp\htdocs\etrs\server\private\scripts\Helper\Services.php(25): App\Controller\SpecializedSecureController->serveRequest()
#7 [internal function]: App\Helper\Services->App\Helper\{closure}()
#8 C:\xampp\htdocs\etrs\server\private\vendors\Slim\Route.php(468): call_user_func_array(Object(Closure), Array)
#9 C:\xampp\htdocs\etrs\server\private\vendors\Slim\Slim.php(1338): Slim\Route->dispatch()
#10 C:\xampp\htdocs\etrs\server\private\scripts\Middleware\Session.php(18): Slim\Slim->call()
#11 C:\xampp\htdocs\etrs\server\private\scripts\Middleware\Services.php(18): App\Middleware\Session->call()
#12 C:\xampp\htdocs\etrs\server\private\scripts\Middleware\Configurations.php(100): App\Middleware\Services->call()
#13 C:\xampp\htdocs\etrs\server\private\scripts\Middleware\Helpers.php(18): App\Middleware\Configurations->call()
#14 C:\xampp\htdocs\etrs\server\private\scripts\Middleware\ErrorHandlers.php(18): App\Middleware\Helpers->call()
#15 C:\xampp\htdocs\etrs\server\private\scripts\Middleware\Extensions.php(18): App\Middleware\ErrorHandlers->call()
#16 C:\xampp\htdocs\etrs\server\private\vendors\Slim\Middleware\PrettyExceptions.php(67): App\Middleware\Extensions->call()
#17 C:\xampp\htdocs\etrs\server\private\vendors\Slim\Slim.php(1283): Slim\Middleware\PrettyExceptions->call()
#18 C:\xampp\htdocs\etrs\server\index.php(29): Slim\Slim->run()
#19 {main}
exception 'ErrorException' with message 'bin2hex() expects exactly 1 parameter, 2 given' in C:\xampp\htdocs\etrs\server\private\scripts\Auxiliar\EntityModel\BackgroundModel.php:110
Stack trace:
#0 [internal function]: Slim\Slim::handleErrors(2, 'bin2hex() expec...', 'C:\\xampp\\htdocs...', 110, Array)
#1 [internal function]: bin2hex('}\x8AG?\x069\xAE\xF1\xA2!\xA7g\xCD\x9A\x94...', 0)
#2 C:\xampp\htdocs\etrs\server\private\scripts\Auxiliar\EntityModel\BackgroundModel.php(110): array_walk_recursive(Array, 'bin2hex')
#3 C:\xampp\htdocs\etrs\server\private\scripts\Controller\Background\Search.php(25): App\Auxiliar\EntityModel\BackgroundModel->search('Prueba', 1, Array)
#4 C:\xampp\htdocs\etrs\server\private\scripts\Controller\SecureController.php(41): App\Controller\Background\Search->call()
#5 C:\xampp\htdocs\etrs\server\private\scripts\Controller\SpecializedSecureController.php(29): App\Controller\SecureController->serveRequest()
#6 C:\xampp\htdocs\etrs\server\private\scripts\Helper\Services.php(25): App\Controller\SpecializedSecureController->serveRequest()
#7 [internal function]: App\Helper\Services->App\Helper\{closure}()
#8 C:\xampp\htdocs\etrs\server\private\vendors\Slim\Route.php(468): call_user_func_array(Object(Closure), Array)
#9 C:\xampp\htdocs\etrs\server\private\vendors\Slim\Slim.php(1338): Slim\Route->dispatch()
#10 C:\xampp\htdocs\etrs\server\private\scripts\Middleware\Session.php(18): Slim\Slim->call()
#11 C:\xampp\htdocs\etrs\server\private\scripts\Middleware\Services.php(18): App\Middleware\Session->call()
#12 C:\xampp\htdocs\etrs\server\private\scripts\Middleware\Configurations.php(100): App\Middleware\Services->call()
#13 C:\xampp\htdocs\etrs\server\private\scripts\Middleware\Helpers.php(18): App\Middleware\Configurations->call()
#14 C:\xampp\htdocs\etrs\server\private\scripts\Middleware\ErrorHandlers.php(18): App\Middleware\Helpers->call()
#15 C:\xampp\htdocs\etrs\server\private\scripts\Middleware\Extensions.php(18): App\Middleware\ErrorHandlers->call()
#16 C:\xampp\htdocs\etrs\server\private\vendors\Slim\Middleware\PrettyExceptions.php(67): App\Middleware\Extensions->call()
#17 C:\xampp\htdocs\etrs\server\private\vendors\Slim\Slim.php(1283): Slim\Middleware\PrettyExceptions->call()
#18 C:\xampp\htdocs\etrs\server\index.php(29): Slim\Slim->run()
#19 {main}
