exception 'PDOException' with message 'SQLSTATE[HY000] [2002] No se puede establecer una conexión ya que el equipo de destino denegó expresamente dicha conexión.
' in C:\xampp\htdocs\etrs\server\private\scripts\Databases\Database.php:27
Stack trace:
#0 C:\xampp\htdocs\etrs\server\private\scripts\Databases\Database.php(27): PDO->__construct('mysql:host=loca...', 'etrs_web_server', 'password')
#1 C:\xampp\htdocs\etrs\server\private\scripts\Databases\BusinessLogicDatabase.php(22): Database->__construct('mysql:host=loca...', 'etrs_web_server', 'password')
#2 C:\xampp\htdocs\etrs\server\private\scripts\configurations.php(74): BusinessLogicDatabase->__construct()
#3 C:\xampp\htdocs\etrs\server\private\scripts\Slim\Helper\Set.php(228): {closure}(Object(Slim\Helper\Set))
#4 C:\xampp\htdocs\etrs\server\private\scripts\Slim\Helper\Set.php(88): Slim\Helper\Set->Slim\Helper\{closure}(Object(Slim\Helper\Set))
#5 C:\xampp\htdocs\etrs\server\private\scripts\Slim\Helper\Set.php(185): Slim\Helper\Set->get('businessLogicDa...')
#6 C:\xampp\htdocs\etrs\server\private\scripts\Slim\Slim.php(234): Slim\Helper\Set->offsetGet('businessLogicDa...')
#7 C:\xampp\htdocs\etrs\server\private\scripts\Controllers\SecureController.php(41): Slim\Slim->__get('businessLogicDa...')
#8 C:\xampp\htdocs\etrs\server\private\scripts\Controllers\Controller.php(36): SecureController->isUserAuthorized()
#9 C:\xampp\htdocs\etrs\server\private\scripts\Managers\ServiceManager.php(20): Controller->call()
#10 [internal function]: ServiceManager->{closure}()
#11 C:\xampp\htdocs\etrs\server\private\scripts\Slim\Route.php(462): call_user_func_array(Object(Closure), Array)
#12 C:\xampp\htdocs\etrs\server\private\scripts\Slim\Slim.php(1326): Slim\Route->dispatch()
#13 C:\xampp\htdocs\etrs\server\private\scripts\Slim\Middleware\Flash.php(85): Slim\Slim->call()
#14 C:\xampp\htdocs\etrs\server\private\scripts\Slim\Middleware\MethodOverride.php(92): Slim\Middleware\Flash->call()
#15 C:\xampp\htdocs\etrs\server\private\scripts\Slim\Middleware\ContentTypes.php(81): Slim\Middleware\MethodOverride->call()
#16 C:\xampp\htdocs\etrs\server\private\scripts\Middlewares\SessionMiddleware.php(36): Slim\Middleware\ContentTypes->call()
#17 C:\xampp\htdocs\etrs\server\private\scripts\Slim\Middleware\PrettyExceptions.php(67): SessionMiddleware->call()
#18 C:\xampp\htdocs\etrs\server\private\scripts\Slim\Slim.php(1271): Slim\Middleware\PrettyExceptions->call()
#19 C:\xampp\htdocs\etrs\server\index.php(33): Slim\Slim->run()
#20 {main}
exception 'PDOException' with message 'SQLSTATE[HY000] [2002] No se puede establecer una conexión ya que el equipo de destino denegó expresamente dicha conexión.
' in C:\xampp\htdocs\etrs\server\private\scripts\Databases\Database.php:27
Stack trace:
#0 C:\xampp\htdocs\etrs\server\private\scripts\Databases\Database.php(27): PDO->__construct('mysql:host=loca...', 'etrs_web_server', 'password')
#1 C:\xampp\htdocs\etrs\server\private\scripts\Databases\BusinessLogicDatabase.php(22): Database->__construct('mysql:host=loca...', 'etrs_web_server', 'password')
#2 C:\xampp\htdocs\etrs\server\private\scripts\configurations.php(74): BusinessLogicDatabase->__construct()
#3 C:\xampp\htdocs\etrs\server\private\scripts\Slim\Helper\Set.php(228): {closure}(Object(Slim\Helper\Set))
#4 C:\xampp\htdocs\etrs\server\private\scripts\Slim\Helper\Set.php(88): Slim\Helper\Set->Slim\Helper\{closure}(Object(Slim\Helper\Set))
#5 C:\xampp\htdocs\etrs\server\private\scripts\Slim\Helper\Set.php(185): Slim\Helper\Set->get('businessLogicDa...')
#6 C:\xampp\htdocs\etrs\server\private\scripts\Slim\Slim.php(234): Slim\Helper\Set->offsetGet('businessLogicDa...')
#7 C:\xampp\htdocs\etrs\server\private\scripts\Controllers\SecureController.php(41): Slim\Slim->__get('businessLogicDa...')
#8 C:\xampp\htdocs\etrs\server\private\scripts\Controllers\Controller.php(36): SecureController->isUserAuthorized()
#9 C:\xampp\htdocs\etrs\server\private\scripts\Managers\ServiceManager.php(20): Controller->call()
#10 [internal function]: ServiceManager->{closure}()
#11 C:\xampp\htdocs\etrs\server\private\scripts\Slim\Route.php(462): call_user_func_array(Object(Closure), Array)
#12 C:\xampp\htdocs\etrs\server\private\scripts\Slim\Slim.php(1326): Slim\Route->dispatch()
#13 C:\xampp\htdocs\etrs\server\private\scripts\Slim\Middleware\Flash.php(85): Slim\Slim->call()
#14 C:\xampp\htdocs\etrs\server\private\scripts\Slim\Middleware\MethodOverride.php(92): Slim\Middleware\Flash->call()
#15 C:\xampp\htdocs\etrs\server\private\scripts\Slim\Middleware\ContentTypes.php(81): Slim\Middleware\MethodOverride->call()
#16 C:\xampp\htdocs\etrs\server\private\scripts\Middlewares\SessionMiddleware.php(36): Slim\Middleware\ContentTypes->call()
#17 C:\xampp\htdocs\etrs\server\private\scripts\Slim\Middleware\PrettyExceptions.php(67): SessionMiddleware->call()
#18 C:\xampp\htdocs\etrs\server\private\scripts\Slim\Slim.php(1271): Slim\Middleware\PrettyExceptions->call()
#19 C:\xampp\htdocs\etrs\server\index.php(33): Slim\Slim->run()
#20 {main}
